2023-10-09 16:32:25,819 INFO R.BaseTest [main] Драйвер для браузера Chrome
2023-10-09 16:32:31,372 INFO R.BaseTest [main] Драйвер запущен
2023-10-09 16:32:34,194 INFO R.BaseTest [main] Открыта страница - https://dev.drec.rosatom.local/auth
2023-10-09 16:32:34,453 INFO R.AuthorizationPage [main] Авторизация в системе под ДКП
2023-10-09 16:32:35,974 INFO R.Test1Test [main] Тест кейс завершен
2023-10-09 16:32:36,097 INFO R.BaseTest [main] Драйвер остановлен!
2023-10-09 16:41:11,085 INFO R.BaseTest [main] Драйвер для браузера Chrome
2023-10-09 16:41:16,645 INFO R.BaseTest [main] Драйвер запущен
2023-10-09 16:41:21,307 INFO R.BaseTest [main] Открыта страница - https://dev.drec.rosatom.local/auth
2023-10-09 16:41:21,623 INFO R.Test1Test [main] Авторизация в системе под ДКП
2023-10-09 16:41:23,533 INFO R.Test1Test [main] Тест кейс завершен
2023-10-09 16:41:23,661 INFO R.BaseTest [main] Драйвер остановлен!
2023-10-09 16:41:23,668 INFO R.BaseTest [main] Драйвер для браузера Chrome
2023-10-09 16:41:28,372 INFO R.BaseTest [main] Драйвер запущен
2023-10-09 16:41:33,214 INFO R.BaseTest [main] Открыта страница - https://dev.drec.rosatom.local/auth
2023-10-09 16:41:33,435 INFO R.Test1Test [main] Авторизация в системе под СУП
2023-10-09 16:41:35,135 INFO R.Test1Test [main] Тест кейс завершен
2023-10-09 16:41:35,254 INFO R.BaseTest [main] Драйвер остановлен!
2023-10-09 22:11:18,137 INFO R.BaseTest [main] Драйвер для браузера Chrome
2023-10-09 22:11:23,931 INFO R.BaseTest [main] Драйвер запущен
2023-10-09 22:11:28,984 INFO R.BaseTest [main] Открыта страница - https://dev.drec.rosatom.local/auth
2023-10-09 22:11:29,261 INFO R.Test1Test [main] Авторизация в системе под ДКП
2023-10-09 22:11:30,868 INFO R.Test1Test [main] Тест завершен
2023-10-09 22:11:31,008 INFO R.BaseTest [main] Драйвер остановлен!
2023-10-09 22:11:31,014 INFO R.BaseTest [main] Драйвер для браузера Chrome
2023-10-09 22:11:35,711 INFO R.BaseTest [main] Драйвер запущен
2023-10-09 22:11:38,706 INFO R.BaseTest [main] Открыта страница - https://dev.drec.rosatom.local/auth
2023-10-09 22:11:38,943 INFO R.Test1Test [main] Авторизация в системе под СУП
2023-10-09 22:11:40,248 INFO R.Test1Test [main] Тест завершен
2023-10-09 22:11:40,362 INFO R.BaseTest [main] Драйвер остановлен!
2023-10-09 22:11:40,364 INFO R.BaseTest [main] Драйвер для браузера Chrome
2023-10-09 22:11:45,085 INFO R.BaseTest [main] Драйвер запущен
2023-10-09 22:11:49,147 INFO R.BaseTest [main] Открыта страница - https://dev.drec.rosatom.local/auth
2023-10-09 22:11:49,379 INFO R.Test1Test [main] Авторизация в системе под Сотрудником
2023-10-09 22:11:50,846 INFO R.Test1Test [main] Тест завершен
2023-10-09 22:11:50,988 INFO R.BaseTest [main] Драйвер остановлен!
2023-10-09 22:12:57,009 INFO R.BaseTest [main] Драйвер для браузера Chrome
2023-10-09 22:13:02,488 INFO R.BaseTest [main] Драйвер запущен
2023-10-09 22:13:06,094 INFO R.BaseTest [main] Открыта страница - https://dev.drec.rosatom.local/auth
2023-10-09 22:13:06,357 INFO R.Test1Test [main] Авторизация в системе под ДКП
2023-10-09 22:13:06,548 INFO R.BaseTest [main] Драйвер остановлен!
2023-10-09 22:14:20,450 INFO R.BaseTest [main] Драйвер для браузера Chrome
2023-10-09 22:14:25,993 INFO R.BaseTest [main] Драйвер запущен
2023-10-09 22:14:29,091 INFO R.BaseTest [main] Открыта страница - https://dev.drec.rosatom.local/auth
2023-10-09 22:14:29,375 INFO R.Test1Test [main] Авторизация в системе под ДКП
2023-10-09 22:14:30,606 INFO R.Test1Test [main] Тест завершен
2023-10-09 22:14:30,734 INFO R.BaseTest [main] Драйвер остановлен!
2023-10-09 22:36:45,970 INFO R.BaseTest [main] Драйвер для браузера Chrome
2023-10-09 22:36:51,486 INFO R.BaseTest [main] Драйвер запущен
2023-10-09 22:36:54,560 INFO R.BaseTest [main] Открыта страница - https://dev.drec.rosatom.local/auth
2023-10-09 22:36:54,843 INFO R.Test1Test [main] Авторизация в системе под ДКП
2023-10-09 22:36:56,689 INFO R.BaseTest [main] Драйвер остановлен!
2023-10-09 22:37:12,068 INFO R.BaseTest [main] Драйвер для браузера Chrome
2023-10-09 22:37:17,557 INFO R.BaseTest [main] Драйвер запущен
2023-10-09 22:37:23,153 INFO R.BaseTest [main] Открыта страница - https://dev.drec.rosatom.local/auth
2023-10-09 22:37:23,398 INFO R.Test1Test [main] Авторизация в системе под ДКП
2023-10-09 22:40:55,122 INFO R.BaseTest [main] Драйвер для браузера Chrome
2023-10-09 22:41:00,645 INFO R.BaseTest [main] Драйвер запущен
2023-10-09 22:41:03,801 INFO R.BaseTest [main] Открыта страница - https://dev.drec.rosatom.local/auth
2023-10-09 22:41:04,069 INFO R.Test1Test [main] Авторизация в системе под ДКП
2023-10-09 23:24:51,257 INFO R.BaseTest [main] Драйвер для браузера Chrome
2023-10-09 23:24:56,969 INFO R.BaseTest [main] Драйвер запущен
2023-10-09 23:25:00,515 INFO R.BaseTest [main] Открыта страница - https://dev.drec.rosatom.local/auth
2023-10-09 23:25:00,807 INFO R.Test1Test [main] Авторизация в системе под ДКП
2023-10-09 23:25:04,177 INFO R.Test1Test [main] Обязательные поля создания списка КПЭ - заполнены
2023-10-09 23:27:16,397 INFO R.BaseTest [main] Драйвер для браузера Chrome
2023-10-09 23:27:21,946 INFO R.BaseTest [main] Драйвер запущен
2023-10-09 23:27:25,569 INFO R.BaseTest [main] Открыта страница - https://dev.drec.rosatom.local/auth
2023-10-09 23:27:25,859 INFO R.Test1Test [main] Авторизация в системе под ДКП
2023-10-09 23:27:29,243 INFO R.Test1Test [main] Обязательные поля создания списка КПЭ - заполнены
2023-10-09 23:28:09,885 INFO R.BaseTest [main] Драйвер для браузера Chrome
2023-10-09 23:28:15,497 INFO R.BaseTest [main] Драйвер запущен
2023-10-09 23:28:18,291 INFO R.BaseTest [main] Открыта страница - https://dev.drec.rosatom.local/auth
2023-10-09 23:28:18,568 INFO R.Test1Test [main] Авторизация в системе под ДКП
2023-10-09 23:28:21,978 INFO R.Test1Test [main] Обязательные поля создания списка КПЭ - заполнены
2023-10-09 23:30:43,807 INFO R.BaseTest [main] Драйвер для браузера Chrome
2023-10-09 23:30:49,359 INFO R.BaseTest [main] Драйвер запущен
2023-10-09 23:30:52,679 INFO R.BaseTest [main] Открыта страница - https://dev.drec.rosatom.local/auth
2023-10-09 23:30:52,960 INFO R.Test1Test [main] Авторизация в системе под ДКП
2023-10-09 23:30:56,444 INFO R.Test1Test [main] Обязательные поля создания списка КПЭ - заполнены
2023-10-09 23:31:48,696 INFO R.BaseTest [main] Драйвер для браузера Chrome
2023-10-09 23:31:54,220 INFO R.BaseTest [main] Драйвер запущен
2023-10-09 23:31:57,596 INFO R.BaseTest [main] Открыта страница - https://dev.drec.rosatom.local/auth
2023-10-09 23:31:57,887 INFO R.Test1Test [main] Авторизация в системе под ДКП
2023-10-09 23:32:01,062 INFO R.Test1Test [main] Обязательные поля создания списка КПЭ - заполнены
2023-10-11 15:47:49,933 INFO R.BaseTest [main] Драйвер для браузера Chrome
2023-10-11 15:47:57,117 INFO R.BaseTest [main] Драйвер запущен
2023-10-11 15:48:02,668 INFO R.BaseTest [main] Открыта страница - https://dev.drec.rosatom.local/auth
2023-10-11 15:48:03,005 INFO R.Test1Test [main] Авторизация в системе под ДКП
2023-10-11 15:48:07,361 INFO R.Test1Test [main] Обязательные поля создания списка КПЭ - заполнены
2023-10-11 16:02:34,123 INFO R.BaseTest [main] Драйвер для браузера Chrome
2023-10-11 16:02:39,939 INFO R.BaseTest [main] Драйвер запущен
2023-10-11 16:02:44,623 INFO R.BaseTest [main] Открыта страница - https://dev.drec.rosatom.local/auth
2023-10-11 16:02:44,949 INFO R.Test1Test [main] Авторизация в системе под ДКП
2023-10-11 16:02:50,561 INFO R.Test1Test [main] Обязательные поля создания списка КПЭ - заполнены
2023-10-11 16:06:15,186 INFO R.BaseTest [main] Драйвер для браузера Chrome
2023-10-11 16:06:20,893 INFO R.BaseTest [main] Драйвер запущен
2023-10-11 16:06:26,128 INFO R.BaseTest [main] Открыта страница - https://dev.drec.rosatom.local/auth
2023-10-11 16:06:26,465 INFO R.Test1Test [main] Авторизация в системе под ДКП
2023-10-11 16:06:30,584 INFO R.Test1Test [main] Обязательные поля создания списка КПЭ - заполнены
2023-10-11 16:11:04,825 INFO R.BaseTest [main] Драйвер для браузера Chrome
2023-10-11 16:11:10,627 INFO R.BaseTest [main] Драйвер запущен
2023-10-11 16:11:15,462 INFO R.BaseTest [main] Открыта страница - https://dev.drec.rosatom.local/auth
2023-10-11 16:11:15,857 INFO R.Test1Test [main] Авторизация в системе под ДКП
2023-10-11 16:11:19,977 INFO R.Test1Test [main] Обязательные поля создания списка КПЭ - заполнены
2023-10-11 16:11:24,341 INFO R.Test1Test [main] Тест завершен
2023-10-16 15:35:25,700 INFO R.BaseTest [main] Драйвер для браузера Chrome
2023-10-16 15:35:32,500 INFO R.BaseTest [main] Драйвер запущен
2023-10-16 15:35:37,077 INFO R.BaseTest [main] Открыта страница - https://dev.drec.rosatom.local/auth
2023-10-16 15:35:37,370 INFO R.Test1Test [main] Авторизация в системе под ДКП
2023-10-16 15:36:07,942 INFO R.BaseTest [main] Драйвер для браузера Chrome
2023-10-16 15:36:13,512 INFO R.BaseTest [main] Драйвер запущен
2023-10-16 15:36:15,690 INFO R.BaseTest [main] Открыта страница - https://dev.drec.rosatom.local/auth
2023-10-16 15:36:15,970 INFO R.Test1Test [main] Авторизация в системе под ДКП
2023-10-16 15:37:01,717 INFO R.BaseTest [main] Драйвер для браузера Chrome
2023-10-16 15:37:07,693 INFO R.BaseTest [main] Драйвер запущен
2023-10-16 15:37:10,857 INFO R.BaseTest [main] Открыта страница - https://dev.drec.rosatom.local/auth
2023-10-16 15:37:11,138 INFO R.Test1Test [main] Авторизация в системе под ДКП
2023-10-16 15:37:15,807 INFO R.BaseTest [main] Драйвер остановлен!
2023-10-16 15:41:40,304 INFO R.BaseTest [main] Драйвер для браузера Chrome
2023-10-16 15:41:45,843 INFO R.BaseTest [main] Драйвер запущен
2023-10-16 15:41:49,523 INFO R.BaseTest [main] Открыта страница - https://dev.drec.rosatom.local/auth
2023-10-16 15:41:49,818 INFO R.Test1Test [main] Авторизация в системе под ДКП
2023-10-16 15:41:58,055 INFO R.BaseTest [main] Драйвер остановлен!
2023-10-16 15:47:23,846 INFO R.BaseTest [main] Драйвер для браузера Chrome
2023-10-16 15:47:29,401 INFO R.BaseTest [main] Драйвер запущен
2023-10-16 15:47:33,863 INFO R.BaseTest [main] Открыта страница - https://dev.drec.rosatom.local/auth
2023-10-16 15:47:34,152 INFO R.Test1Test [main] Авторизация в системе под ДКП
2023-10-16 15:47:37,531 INFO R.Test1Test [main] Обязательные поля создания списка КПЭ - заполнены
2023-10-16 15:47:43,607 INFO R.Test1Test [main] Тест завершен
2023-10-16 15:47:43,761 INFO R.BaseTest [main] Драйвер остановлен!
2023-10-16 15:48:36,532 INFO R.BaseTest [main] Драйвер для браузера Chrome
2023-10-16 15:48:42,123 INFO R.BaseTest [main] Драйвер запущен
2023-10-16 15:48:44,523 INFO R.BaseTest [main] Открыта страница - https://dev.drec.rosatom.local/auth
2023-10-16 15:48:44,785 INFO R.Test1Test [main] Авторизация в системе под ДКП
2023-10-16 15:48:48,351 INFO R.Test1Test [main] Обязательные поля создания списка КПЭ - заполнены
2023-10-16 15:48:48,492 INFO R.BaseTest [main] Драйвер остановлен!
2023-10-16 15:49:04,827 INFO R.BaseTest [main] Драйвер для браузера Chrome
2023-10-16 15:49:10,361 INFO R.BaseTest [main] Драйвер запущен
2023-10-16 15:49:12,480 INFO R.BaseTest [main] Открыта страница - https://dev.drec.rosatom.local/auth
2023-10-16 15:49:12,762 INFO R.Test1Test [main] Авторизация в системе под ДКП
2023-10-16 15:49:24,020 INFO R.BaseTest [main] Драйвер для браузера Chrome
2023-10-16 15:49:29,554 INFO R.BaseTest [main] Драйвер запущен
2023-10-16 15:49:31,335 INFO R.BaseTest [main] Открыта страница - https://dev.drec.rosatom.local/auth
2023-10-16 15:49:31,622 INFO R.Test1Test [main] Авторизация в системе под ДКП
2023-10-16 15:50:26,693 INFO R.BaseTest [main] Драйвер для браузера Chrome
2023-10-16 15:50:32,313 INFO R.BaseTest [main] Драйвер запущен
2023-10-16 15:50:39,752 INFO R.BaseTest [main] Открыта страница - https://dev.drec.rosatom.local/auth
2023-10-16 15:50:39,984 INFO R.Test1Test [main] Авторизация в системе под ДКП
2023-10-16 15:50:52,376 INFO R.BaseTest [main] Драйвер для браузера Chrome
2023-10-16 15:50:57,886 INFO R.BaseTest [main] Драйвер запущен
2023-10-16 15:51:04,093 INFO R.BaseTest [main] Открыта страница - https://dev.drec.rosatom.local/auth
2023-10-16 15:51:04,367 INFO R.Test1Test [main] Авторизация в системе под ДКП
2023-10-16 15:51:08,225 INFO R.Test1Test [main] Обязательные поля создания списка КПЭ - заполнены
2023-10-16 19:32:23,265 INFO R.BaseTest [main] Драйвер для браузера Chrome
2023-10-16 19:32:29,482 INFO R.BaseTest [main] Драйвер запущен
2023-10-16 19:32:31,985 INFO R.BaseTest [main] Открыта страница - https://dev.drec.rosatom.local/auth
2023-10-16 19:32:32,325 INFO R.Test1Test [main] Авторизация в системе под ДКП
2023-10-16 19:33:36,548 INFO R.BaseTest [main] Драйвер для браузера Chrome
2023-10-16 19:33:42,212 INFO R.BaseTest [main] Драйвер запущен
2023-10-16 19:33:44,499 INFO R.BaseTest [main] Открыта страница - https://dev.drec.rosatom.local/auth
2023-10-16 19:33:44,879 INFO R.Test1Test [main] Авторизация в системе под ДКП
2023-10-16 19:33:48,682 INFO R.Test1Test [main] Обязательные поля создания списка КПЭ - заполнены
2023-10-16 19:37:10,964 INFO R.BaseTest [main] Драйвер для браузера Chrome
2023-10-16 19:37:16,624 INFO R.BaseTest [main] Драйвер запущен
2023-10-16 19:37:19,751 INFO R.BaseTest [main] Открыта страница - https://dev.drec.rosatom.local/auth
2023-10-16 19:37:20,093 INFO R.Test1Test [main] Авторизация в системе под ДКП
2023-10-16 19:37:50,310 INFO R.BaseTest [main] Драйвер для браузера Chrome
2023-10-16 19:37:55,991 INFO R.BaseTest [main] Драйвер запущен
2023-10-16 19:37:57,766 INFO R.BaseTest [main] Открыта страница - https://dev.drec.rosatom.local/auth
2023-10-16 19:37:58,130 INFO R.Test1Test [main] Авторизация в системе под ДКП
2023-10-16 19:38:02,443 INFO R.Test1Test [main] Обязательные поля создания списка КПЭ - заполнены
2023-10-16 19:38:10,705 INFO R.Test1Test [main] Тест завершен
2023-10-16 19:38:28,662 INFO R.BaseTest [main] Драйвер для браузера Chrome
2023-10-16 19:38:34,418 INFO R.BaseTest [main] Драйвер запущен
2023-10-16 19:38:36,305 INFO R.BaseTest [main] Открыта страница - https://dev.drec.rosatom.local/auth
2023-10-16 19:38:36,652 INFO R.Test1Test [main] Авторизация в системе под ДКП
2023-10-16 19:38:40,422 INFO R.Test1Test [main] Обязательные поля создания списка КПЭ - заполнены
2023-10-16 19:41:29,613 INFO R.BaseTest [main] Драйвер для браузера Chrome
2023-10-16 19:41:35,316 INFO R.BaseTest [main] Драйвер запущен
2023-10-16 19:41:37,549 INFO R.BaseTest [main] Открыта страница - https://dev.drec.rosatom.local/auth
2023-10-16 19:41:37,927 INFO R.Test1Test [main] Авторизация в системе под ДКП
2023-10-16 19:41:41,717 INFO R.Test1Test [main] Обязательные поля создания списка КПЭ - заполнены
2023-10-16 19:41:48,003 INFO R.Test1Test [main] Тест завершен
2023-10-16 19:45:06,287 INFO R.BaseTest [main] Драйвер для браузера Chrome
2023-10-16 19:45:11,949 INFO R.BaseTest [main] Драйвер запущен
2023-10-16 19:45:14,304 INFO R.BaseTest [main] Открыта страница - https://dev.drec.rosatom.local/auth
2023-10-16 19:45:14,661 INFO R.Test1Test [main] Авторизация в системе под ДКП
2023-10-16 19:45:18,496 INFO R.Test1Test [main] Обязательные поля создания списка КПЭ - заполнены
2023-10-16 19:46:22,736 INFO R.BaseTest [main] Драйвер для браузера Chrome
2023-10-16 19:46:28,336 INFO R.BaseTest [main] Драйвер запущен
2023-10-16 19:46:30,893 INFO R.BaseTest [main] Открыта страница - https://dev.drec.rosatom.local/auth
2023-10-16 19:46:31,263 INFO R.Test1Test [main] Авторизация в системе под ДКП
2023-10-16 19:46:35,116 INFO R.Test1Test [main] Обязательные поля создания списка КПЭ - заполнены
2023-10-16 19:55:34,003 INFO R.BaseTest [main] Драйвер для браузера Chrome
2023-10-16 19:55:39,638 INFO R.BaseTest [main] Драйвер запущен
2023-10-16 19:55:42,062 INFO R.BaseTest [main] Открыта страница - https://dev.drec.rosatom.local/auth
2023-10-16 19:55:42,395 INFO R.Test1Test [main] Авторизация в системе под ДКП
2023-10-16 19:55:46,205 INFO R.Test1Test [main] Обязательные поля создания списка КПЭ - заполнены
2023-10-16 19:58:36,345 INFO R.BaseTest [main] Драйвер для браузера Chrome
2023-10-16 19:58:42,017 INFO R.BaseTest [main] Драйвер запущен
2023-10-16 19:58:43,884 INFO R.BaseTest [main] Открыта страница - https://dev.drec.rosatom.local/auth
2023-10-16 19:58:44,230 INFO R.Test1Test [main] Авторизация в системе под ДКП
2023-10-16 19:58:48,044 INFO R.Test1Test [main] Обязательные поля создания списка КПЭ - заполнены
2023-10-20 18:00:48,499 INFO R.BaseTest [main] Драйвер для браузера Chrome
2023-10-20 18:00:55,360 INFO R.BaseTest [main] Драйвер запущен
2023-10-20 18:00:55,630 INFO R.BaseTest [main] Открыта страница - https://dev.drec.rosatom.local/auth
2023-10-21 15:08:12,855 INFO R.BaseTest [main] Драйвер для браузера Chrome
2023-10-21 15:08:19,669 INFO R.BaseTest [main] Драйвер запущен
2023-10-21 15:08:21,912 INFO R.BaseTest [main] Открыта страница - https://dev.drec.rosatom.local/auth
2023-10-21 15:08:22,282 INFO R.Test1Test [main] Авторизация в системе под ДКП
2023-10-21 15:10:44,606 INFO R.BaseTest [main] Драйвер для браузера Chrome
2023-10-21 15:10:50,139 INFO R.BaseTest [main] Драйвер запущен
2023-10-21 15:10:51,980 INFO R.BaseTest [main] Открыта страница - https://dev.drec.rosatom.local/auth
2023-10-21 15:10:52,276 INFO R.Test1Test [main] Авторизация в системе под ДКП
2023-10-21 15:10:53,595 INFO R.Test1Test [main] Тест завершен
2023-10-25 12:01:21,983 INFO R.BaseTest [main] Драйвер для браузера Chrome
2023-10-25 12:01:28,904 INFO R.BaseTest [main] Драйвер запущен
2023-10-25 12:01:34,416 INFO R.BaseTest [main] Открыта страница - https://dev.drec.rosatom.local/auth
2023-10-25 12:01:34,728 INFO R.Test1Test [main] Авторизация в системе под ДКП
2023-10-25 12:01:38,969 INFO R.Test1Test [main] Обязательные поля создания списка КПЭ - заполнены
2023-10-25 12:01:43,083 INFO R.Test1Test [main] Тест завершен
2023-10-26 15:31:44,094 INFO R.BaseTest [main] Драйвер для браузера Chrome
2023-10-26 15:31:50,857 INFO R.BaseTest [main] Драйвер запущен
2023-10-26 15:31:58,473 INFO R.BaseTest [main] Открыта страница - https://dev.drec.rosatom.local/auth
2023-10-26 15:31:58,776 INFO R.Test1Test [main] Авторизация в системе под ДКП
2023-10-26 15:32:03,639 INFO R.Test1Test [main] Обязательные поля создания списка КПЭ - заполнены
2024-01-12 16:39:46,856 INFO R.BaseTest [main] Драйвер для браузера Chrome
2024-01-12 16:39:54,893 INFO R.BaseTest [main] Драйвер запущен
2024-01-12 16:40:01,289 INFO R.BaseTest [main] Открыта страница - https://dev.drec.rosatom.local/auth
2024-01-12 16:40:01,761 INFO R.Test1Test [main] Авторизация в системе под ДКП
2024-01-15 09:58:26,289 INFO R.BaseTest [main] Драйвер для браузера Chrome
2024-01-15 09:58:34,436 INFO R.BaseTest [main] Драйвер запущен
2024-01-15 09:58:37,913 INFO R.BaseTest [main] Открыта страница - https://dev.drec.rosatom.local/auth
2024-01-15 09:58:38,347 INFO R.Test1Test [main] Авторизация в системе под ДКП
2024-01-15 10:04:04,909 INFO R.BaseTest [main] Драйвер для браузера Chrome
2024-01-15 10:04:10,780 INFO R.BaseTest [main] Драйвер запущен
2024-01-15 10:04:14,037 INFO R.BaseTest [main] Открыта страница - https://dev.drec.rosatom.local/auth
2024-01-15 10:04:14,350 INFO R.Test1Test [main] Авторизация в системе под ДКП
2024-01-15 10:04:14,952 INFO R.Test1Test [main] Тест завершен
2024-01-15 10:05:49,516 INFO R.BaseTest [main] Драйвер для браузера Chrome
2024-01-15 10:05:55,369 INFO R.BaseTest [main] Драйвер запущен
2024-01-15 10:06:00,363 INFO R.BaseTest [main] Открыта страница - https://dev.drec.rosatom.local/auth
2024-01-15 10:06:00,747 INFO R.Test1Test [main] Авторизация в системе под СУП
2024-01-15 10:06:01,311 INFO R.Test1Test [main] Тест завершен
2024-01-15 11:04:44,562 INFO R.BaseTest [main] Драйвер для браузера Chrome
2024-01-15 11:04:50,809 INFO R.BaseTest [main] Драйвер запущен
2024-01-15 11:04:55,000 INFO R.BaseTest [main] Открыта страница - https://dev.drec.rosatom.local/auth
2024-01-15 11:04:55,338 INFO R.Test1Test [main] Авторизация в системе под ДКП
2024-01-15 11:09:56,008 INFO R.BaseTest [main] Драйвер для браузера Chrome
2024-01-15 11:10:01,832 INFO R.BaseTest [main] Драйвер запущен
2024-01-15 11:10:05,128 INFO R.BaseTest [main] Открыта страница - https://dev.drec.rosatom.local/auth
2024-01-15 11:10:05,533 INFO R.Test1Test [main] Авторизация в системе под ДКП
2024-01-15 11:14:11,343 INFO R.BaseTest [main] Драйвер для браузера Chrome
2024-01-15 11:14:17,217 INFO R.BaseTest [main] Драйвер запущен
2024-01-15 11:14:20,424 INFO R.BaseTest [main] Открыта страница - https://dev.drec.rosatom.local/auth
2024-01-15 11:14:20,799 INFO R.Test1Test [main] Авторизация в системе под ДКП
2024-01-15 13:12:31,168 INFO R.BaseTest [main] Драйвер для браузера Chrome
2024-01-15 13:12:37,873 INFO R.BaseTest [main] Драйвер запущен
2024-01-15 13:12:41,251 INFO R.BaseTest [main] Открыта страница - https://dev.drec.rosatom.local/auth
2024-01-15 13:12:41,726 INFO R.Test1Test [main] Авторизация в системе под ДКП
2024-01-15 13:12:45,083 INFO R.Test1Test [main] Обязательные поля создания списка КПЭ - заполнены
2024-01-15 13:12:51,495 INFO R.Test1Test [main] Тест завершен
2024-01-15 13:55:52,338 INFO R.BaseTest [main] Драйвер для браузера Chrome
2024-01-15 13:55:58,187 INFO R.BaseTest [main] Драйвер запущен
2024-01-15 13:56:01,725 INFO R.BaseTest [main] Открыта страница - https://dev.drec.rosatom.local/auth
2024-01-15 13:56:02,006 INFO R.Test1Test [main] Авторизация в системе под ДКП
2024-01-15 13:56:02,727 INFO R.Test1Test [main] Переход на форму Каталог КПЭ
2024-01-15 13:56:55,261 INFO R.BaseTest [main] Драйвер для браузера Chrome
2024-01-15 13:57:00,922 INFO R.BaseTest [main] Драйвер запущен
2024-01-15 13:57:05,858 INFO R.BaseTest [main] Открыта страница - https://dev.drec.rosatom.local/auth
2024-01-15 13:57:06,134 INFO R.Test1Test [main] Авторизация в системе под ДКП
2024-01-15 13:57:06,921 INFO R.Test1Test [main] Переход на форму Каталог КПЭ
2024-01-15 13:57:28,181 INFO R.BaseTest [main] Драйвер для браузера Chrome
2024-01-15 13:57:33,809 INFO R.BaseTest [main] Драйвер запущен
2024-01-15 13:57:37,371 INFO R.BaseTest [main] Открыта страница - https://dev.drec.rosatom.local/auth
2024-01-15 13:57:37,671 INFO R.Test1Test [main] Авторизация в системе под ДКП
2024-01-15 13:57:40,552 INFO R.Test1Test [main] Обязательные поля создания списка КПЭ - заполнены
2024-01-15 13:57:59,257 INFO R.BaseTest [main] Драйвер для браузера Chrome
2024-01-15 13:58:04,866 INFO R.BaseTest [main] Драйвер запущен
2024-01-15 13:58:08,927 INFO R.BaseTest [main] Открыта страница - https://dev.drec.rosatom.local/auth
2024-01-15 13:58:09,208 INFO R.Test1Test [main] Авторизация в системе под ДКП
2024-01-15 13:58:09,953 INFO R.Test1Test [main] Переход на форму Каталог КПЭ
2024-01-15 13:58:10,689 INFO R.Test1Test [main] Выбран список КПЭ для добавления КПЭ
2024-01-15 14:29:52,206 INFO R.BaseTest [main] Драйвер для браузера Chrome
2024-01-15 14:29:58,256 INFO R.BaseTest [main] Драйвер запущен
2024-01-15 14:30:01,385 INFO R.BaseTest [main] Открыта страница - https://dev.drec.rosatom.local/auth
2024-01-15 14:30:01,681 INFO R.Test1Test [main] Авторизация в системе под ДКП
2024-01-15 14:30:04,233 INFO R.Test1Test [main] Обязательные поля создания списка КПЭ - заполнены
2024-01-15 14:42:05,833 INFO R.BaseTest [main] Драйвер для браузера Chrome
2024-01-15 14:42:11,590 INFO R.BaseTest [main] Драйвер запущен
2024-01-15 14:42:14,096 INFO R.BaseTest [main] Открыта страница - https://dev.drec.rosatom.local/auth
2024-01-15 14:42:14,448 INFO R.Test1Test [main] Авторизация в системе под ДКП
2024-01-15 14:42:16,982 INFO R.Test1Test [main] Обязательные поля создания списка КПЭ - заполнены
2024-01-15 14:42:17,525 INFO R.Test1Test [main] Тест завершен
2024-01-15 18:13:06,950 INFO R.BaseTest [main] Драйвер для браузера Chrome
2024-01-15 18:13:14,275 INFO R.BaseTest [main] Драйвер запущен
2024-01-15 18:13:17,324 INFO R.BaseTest [main] Открыта страница - https://dev.drec.rosatom.local/auth
2024-01-15 18:13:17,692 INFO R.Test1Test [main] Авторизация в системе под ДКП
2024-01-15 18:13:18,493 INFO R.Test1Test [main] Переход на форму Каталог КПЭ
2024-01-15 18:13:19,403 INFO R.Test1Test [main] Выбран список КПЭ для добавления КПЭ
2024-01-15 18:14:59,787 INFO R.BaseTest [main] Драйвер для браузера Chrome
2024-01-15 18:15:05,655 INFO R.BaseTest [main] Драйвер запущен
2024-01-15 18:15:09,188 INFO R.BaseTest [main] Открыта страница - https://dev.drec.rosatom.local/auth
2024-01-15 18:15:09,541 INFO R.Test1Test [main] Авторизация в системе под ДКП
2024-01-15 18:15:10,349 INFO R.Test1Test [main] Переход на форму Каталог КПЭ
2024-01-15 18:15:11,345 INFO R.Test1Test [main] Выбран список КПЭ для добавления КПЭ
2024-01-15 18:15:40,753 INFO R.BaseTest [main] Драйвер для браузера Chrome
2024-01-15 18:15:46,570 INFO R.BaseTest [main] Драйвер запущен
2024-01-15 18:15:50,338 INFO R.BaseTest [main] Открыта страница - https://dev.drec.rosatom.local/auth
2024-01-15 18:15:50,797 INFO R.Test1Test [main] Авторизация в системе под ДКП
2024-01-15 18:15:51,596 INFO R.Test1Test [main] Переход на форму Каталог КПЭ
2024-01-15 18:15:52,424 INFO R.Test1Test [main] Выбран список КПЭ для добавления КПЭ
2024-01-15 18:30:27,151 INFO R.BaseTest [main] Драйвер для браузера Chrome
2024-01-15 18:30:33,628 INFO R.BaseTest [main] Драйвер запущен
2024-01-15 18:30:37,274 INFO R.BaseTest [main] Открыта страница - https://dev.drec.rosatom.local/auth
2024-01-15 18:30:37,716 INFO R.Test1Test [main] Авторизация в системе под ДКП
2024-01-15 18:30:38,596 INFO R.Test1Test [main] Переход на форму Каталог КПЭ
2024-01-15 18:30:39,811 INFO R.Test1Test [main] Выбран список КПЭ для добавления КПЭ
2024-01-15 18:31:25,097 INFO R.BaseTest [main] Драйвер для браузера Chrome
2024-01-15 18:31:31,613 INFO R.BaseTest [main] Драйвер запущен
2024-01-15 18:31:34,987 INFO R.BaseTest [main] Открыта страница - https://dev.drec.rosatom.local/auth
2024-01-15 18:31:35,498 INFO R.Test1Test [main] Авторизация в системе под ДКП
2024-01-15 18:31:36,605 INFO R.Test1Test [main] Переход на форму Каталог КПЭ
2024-01-15 18:31:37,552 INFO R.Test1Test [main] Выбран список КПЭ для добавления КПЭ
2024-01-15 18:55:24,082 INFO R.BaseTest [main] Драйвер для браузера Chrome
2024-01-15 18:55:30,703 INFO R.BaseTest [main] Драйвер запущен
2024-01-15 18:55:35,263 INFO R.BaseTest [main] Открыта страница - https://dev.drec.rosatom.local/auth
2024-01-15 18:55:35,718 INFO R.Test1Test [main] Авторизация в системе под ДКП
2024-01-15 18:55:36,700 INFO R.Test1Test [main] Переход на форму Каталог КПЭ
2024-01-15 18:55:37,908 INFO R.Test1Test [main] Выбран список КПЭ для добавления КПЭ
2024-01-15 19:06:12,433 INFO R.BaseTest [main] Драйвер для браузера Chrome
2024-01-15 19:06:18,077 INFO R.BaseTest [main] Драйвер запущен
2024-01-15 19:06:22,212 INFO R.BaseTest [main] Открыта страница - https://dev.drec.rosatom.local/auth
2024-01-15 19:06:22,530 INFO R.Test1Test [main] Авторизация в системе под ДКП
2024-01-15 19:06:23,298 INFO R.Test1Test [main] Переход на форму Каталог КПЭ
2024-01-15 19:06:24,002 INFO R.Test1Test [main] Выбран список КПЭ для добавления КПЭ
2024-01-15 19:12:41,714 INFO R.BaseTest [main] Драйвер для браузера Chrome
2024-01-15 19:12:47,468 INFO R.BaseTest [main] Драйвер запущен
2024-01-15 19:12:51,762 INFO R.BaseTest [main] Открыта страница - https://dev.drec.rosatom.local/auth
2024-01-15 19:12:52,067 INFO R.Test1Test [main] Авторизация в системе под ДКП
2024-01-15 19:12:52,809 INFO R.Test1Test [main] Переход на форму Каталог КПЭ
2024-01-15 19:12:53,669 INFO R.Test1Test [main] Выбран список КПЭ для добавления КПЭ
2024-01-15 19:26:20,713 INFO R.BaseTest [main] Драйвер для браузера Chrome
2024-01-15 19:26:26,716 INFO R.BaseTest [main] Драйвер запущен
2024-01-15 19:26:29,377 INFO R.BaseTest [main] Открыта страница - https://dev.drec.rosatom.local/auth
2024-01-15 19:26:29,758 INFO R.Test1Test [main] Авторизация в системе под ДКП
2024-01-15 19:26:30,495 INFO R.Test1Test [main] Переход на форму Каталог КПЭ
2024-01-15 19:26:31,352 INFO R.Test1Test [main] Выбран список КПЭ для добавления КПЭ
2024-01-16 09:07:40,758 INFO R.BaseTest [main] Драйвер для браузера Chrome
2024-01-16 09:07:47,348 INFO R.BaseTest [main] Драйвер запущен
2024-01-16 09:07:50,302 INFO R.BaseTest [main] Открыта страница - https://dev.drec.rosatom.local/auth
2024-01-16 09:07:50,595 INFO R.Test1Test [main] Авторизация в системе под ДКП
2024-01-16 09:07:51,381 INFO R.Test1Test [main] Переход на форму Каталог КПЭ
2024-01-16 09:07:52,415 INFO R.Test1Test [main] Выбран список КПЭ для добавления КПЭ
2024-01-16 09:09:08,837 INFO R.BaseTest [main] Драйвер для браузера Chrome
2024-01-16 09:09:14,434 INFO R.BaseTest [main] Драйвер запущен
2024-01-16 09:09:17,187 INFO R.BaseTest [main] Открыта страница - https://dev.drec.rosatom.local/auth
2024-01-16 09:09:17,457 INFO R.Test1Test [main] Авторизация в системе под ДКП
2024-01-16 09:09:18,122 INFO R.Test1Test [main] Переход на форму Каталог КПЭ
2024-01-16 09:09:18,826 INFO R.Test1Test [main] Выбран список КПЭ для добавления КПЭ
2024-01-16 09:10:04,286 INFO R.BaseTest [main] Драйвер для браузера Chrome
2024-01-16 09:10:09,877 INFO R.BaseTest [main] Драйвер запущен
2024-01-16 09:10:13,834 INFO R.BaseTest [main] Открыта страница - https://dev.drec.rosatom.local/auth
2024-01-16 09:10:14,112 INFO R.Test1Test [main] Авторизация в системе под ДКП
2024-01-16 09:10:14,820 INFO R.Test1Test [main] Переход на форму Каталог КПЭ
2024-01-16 09:10:15,549 INFO R.Test1Test [main] Выбран список КПЭ для добавления КПЭ
2024-01-16 09:11:08,618 INFO R.BaseTest [main] Драйвер для браузера Chrome
2024-01-16 09:11:14,252 INFO R.BaseTest [main] Драйвер запущен
2024-01-16 09:11:18,012 INFO R.BaseTest [main] Открыта страница - https://dev.drec.rosatom.local/auth
2024-01-16 09:11:18,269 INFO R.Test1Test [main] Авторизация в системе под ДКП
2024-01-16 09:11:19,220 INFO R.Test1Test [main] Переход на форму Каталог КПЭ
2024-01-16 09:11:19,991 INFO R.Test1Test [main] Выбран список КПЭ для добавления КПЭ
2024-01-16 09:58:07,531 INFO R.BaseTest [main] Драйвер для браузера Chrome
2024-01-16 09:58:13,402 INFO R.BaseTest [main] Драйвер запущен
2024-01-16 09:58:18,444 INFO R.BaseTest [main] Открыта страница - https://dev.drec.rosatom.local/auth
2024-01-16 09:58:18,712 INFO R.Test1Test [main] Авторизация в системе под ДКП
2024-01-16 09:58:19,493 INFO R.Test1Test [main] Переход на форму Каталог КПЭ
2024-01-16 09:58:20,325 INFO R.Test1Test [main] Выбран список КПЭ для добавления КПЭ
2024-01-16 10:00:14,512 INFO R.BaseTest [main] Драйвер для браузера Chrome
2024-01-16 10:00:20,815 INFO R.BaseTest [main] Драйвер запущен
2024-01-16 10:00:26,892 INFO R.BaseTest [main] Открыта страница - https://dev.drec.rosatom.local/auth
2024-01-16 10:00:27,187 INFO R.Test1Test [main] Авторизация в системе под ДКП
2024-01-16 10:00:28,176 INFO R.Test1Test [main] Переход на форму Каталог КПЭ
2024-01-16 10:00:29,033 INFO R.Test1Test [main] Выбран список КПЭ для добавления КПЭ
2024-01-16 10:04:36,136 INFO R.BaseTest [main] Драйвер для браузера Chrome
2024-01-16 10:04:41,822 INFO R.BaseTest [main] Драйвер запущен
2024-01-16 10:04:47,285 INFO R.BaseTest [main] Открыта страница - https://dev.drec.rosatom.local/auth
2024-01-16 10:04:47,594 INFO R.Test1Test [main] Авторизация в системе под ДКП
2024-01-16 10:04:50,653 INFO R.Test1Test [main] Обязательные поля создания списка КПЭ - заполнены
2024-01-16 10:04:51,237 INFO R.Test1Test [main] Тест завершен
2024-01-16 10:05:01,373 INFO R.BaseTest [main] Драйвер для браузера Chrome
2024-01-16 10:05:07,080 INFO R.BaseTest [main] Драйвер запущен
2024-01-16 10:05:13,324 INFO R.BaseTest [main] Открыта страница - https://dev.drec.rosatom.local/auth
2024-01-16 10:05:13,653 INFO R.Test1Test [main] Авторизация в системе под ДКП
2024-01-16 10:05:14,437 INFO R.Test1Test [main] Переход на форму Каталог КПЭ
2024-01-16 10:05:15,220 INFO R.Test1Test [main] Выбран список КПЭ для добавления КПЭ
2024-01-16 10:07:43,322 INFO R.BaseTest [main] Драйвер для браузера Chrome
2024-01-16 10:07:49,226 INFO R.BaseTest [main] Драйвер запущен
2024-01-16 10:07:54,572 INFO R.BaseTest [main] Открыта страница - https://dev.drec.rosatom.local/auth
2024-01-16 10:07:54,888 INFO R.Test1Test [main] Авторизация в системе под ДКП
2024-01-16 10:07:55,727 INFO R.Test1Test [main] Переход на форму Каталог КПЭ
2024-01-16 10:07:56,561 INFO R.Test1Test [main] Выбран список КПЭ для добавления КПЭ
2024-01-16 10:07:57,646 INFO R.Test1Test [main] Обязательные поля создания КПЭ - заполнены
2024-01-16 10:14:55,366 INFO R.BaseTest [main] Драйвер для браузера Chrome
2024-01-16 10:15:01,085 INFO R.BaseTest [main] Драйвер запущен
2024-01-16 10:15:07,060 INFO R.BaseTest [main] Открыта страница - https://dev.drec.rosatom.local/auth
2024-01-16 10:15:07,391 INFO R.Test1Test [main] Авторизация в системе под ДКП
2024-01-16 10:15:08,435 INFO R.Test1Test [main] Переход на форму Каталог КПЭ
2024-01-16 10:15:09,596 INFO R.Test1Test [main] Выбран список КПЭ для добавления КПЭ
2024-01-16 10:16:29,797 INFO R.BaseTest [main] Драйвер для браузера Chrome
2024-01-16 10:16:35,521 INFO R.BaseTest [main] Драйвер запущен
2024-01-16 10:16:42,290 INFO R.BaseTest [main] Открыта страница - https://dev.drec.rosatom.local/auth
2024-01-16 10:16:42,585 INFO R.Test1Test [main] Авторизация в системе под ДКП
2024-01-16 10:16:43,429 INFO R.Test1Test [main] Переход на форму Каталог КПЭ
2024-01-16 10:16:44,334 INFO R.Test1Test [main] Выбран список КПЭ для добавления КПЭ
2024-01-16 10:17:05,699 INFO R.BaseTest [main] Драйвер для браузера Chrome
2024-01-16 10:17:11,336 INFO R.BaseTest [main] Драйвер запущен
2024-01-16 10:17:18,218 INFO R.BaseTest [main] Открыта страница - https://dev.drec.rosatom.local/auth
2024-01-16 10:17:18,503 INFO R.Test1Test [main] Авторизация в системе под ДКП
2024-01-16 10:17:19,513 INFO R.Test1Test [main] Переход на форму Каталог КПЭ
2024-01-16 10:17:21,158 INFO R.Test1Test [main] Выбран список КПЭ для добавления КПЭ
2024-01-16 10:18:06,423 INFO R.BaseTest [main] Драйвер для браузера Chrome
2024-01-16 10:18:12,094 INFO R.BaseTest [main] Драйвер запущен
2024-01-16 10:18:17,095 INFO R.BaseTest [main] Открыта страница - https://dev.drec.rosatom.local/auth
2024-01-16 10:18:17,400 INFO R.Test1Test [main] Авторизация в системе под ДКП
2024-01-16 10:18:18,270 INFO R.Test1Test [main] Переход на форму Каталог КПЭ
2024-01-16 10:18:19,451 INFO R.Test1Test [main] Выбран список КПЭ для добавления КПЭ
2024-01-16 10:18:20,270 INFO R.Test1Test [main] Обязательные поля создания КПЭ - заполнены
2024-01-16 10:20:50,852 INFO R.BaseTest [main] Драйвер для браузера Chrome
2024-01-16 10:20:56,680 INFO R.BaseTest [main] Драйвер запущен
2024-01-16 10:21:01,283 INFO R.BaseTest [main] Открыта страница - https://dev.drec.rosatom.local/auth
2024-01-16 10:21:01,671 INFO R.Test1Test [main] Авторизация в системе под ДКП
2024-01-16 10:21:02,596 INFO R.Test1Test [main] Переход на форму Каталог КПЭ
2024-01-16 10:21:03,671 INFO R.Test1Test [main] Выбран список КПЭ для добавления КПЭ
2024-01-16 10:46:37,793 INFO R.BaseTest [main] Драйвер для браузера Chrome
2024-01-16 10:46:43,421 INFO R.BaseTest [main] Драйвер запущен
2024-01-16 10:46:45,985 INFO R.BaseTest [main] Открыта страница - https://dev.drec.rosatom.local/auth
2024-01-16 10:46:46,231 INFO R.Test1Test [main] Авторизация в системе под ДКП
2024-01-16 10:46:46,964 INFO R.Test1Test [main] Переход на форму Каталог КПЭ
2024-01-16 10:46:47,741 INFO R.Test1Test [main] Выбран список КПЭ для добавления КПЭ
2024-01-16 10:46:48,522 INFO R.Test1Test [main] Обязательные поля создания КПЭ - заполнены
